#
# There is insufficient memory for the Java Runtime Environment to continue.
# Native memory allocation (malloc) failed to allocate 1153456 bytes for Chunk::new
# Possible reasons:
#   The system is out of physical RAM or swap space
#   In 32 bit mode, the process size limit was hit
# Possible solutions:
#   Reduce memory load on the system
#   Increase physical memory or swap space
#   Check if swap backing store is full
#   Use 64 bit Java on a 64 bit OS
#   Decrease Java heap size (-Xmx/-Xms)
#   Decrease number of Java threads
#   Decrease Java thread stack sizes (-Xss)
#   Set larger code cache with -XX:ReservedCodeCacheSize=
# This output file may be truncated or incomplete.
#
#  Out of Memory Error (allocation.cpp:390), pid=8448, tid=0x00000000000011b4
#
# JRE version: OpenJDK Runtime Environment (8.0_112-b06) (build 1.8.0_112-release-b06)
# Java VM: OpenJDK 64-Bit Server VM (25.112-b06 mixed mode windows-amd64 compressed oops)
# Failed to write core dump. Minidumps are not enabled by default on client versions of Windows
#

---------------  T H R E A D  ---------------

Current thread (0x0000000016a18000):  JavaThread "C2 CompilerThread1" daemon [_thread_in_native, id=4532, stack(0x0000000018180000,0x0000000018280000)]

Stack: [0x0000000018180000,0x0000000018280000]
[error occurred during error reporting (printing stack bounds), id 0xc0000005]

Native frames: (J=compiled Java code, j=interpreted, Vv=VM code, C=native code)


Current CompileTask:
C2:  99790 8609       4       com.sun.org.apache.xerces.internal.impl.XMLNSDocumentScannerImpl::scanStartElement (1020 bytes)


---------------  P R O C E S S  ---------------

Java Threads: ( => current thread )
  0x000000001e16b800 JavaThread "Cache update executor" [_thread_blocked, id=7140, stack(0x00000000233a0000,0x00000000234a0000)]
  0x000000001e167800 JavaThread "Stdin handler" [_thread_blocked, id=4344, stack(0x00000000232a0000,0x00000000233a0000)]
  0x000000001e165800 JavaThread "Asynchronous log dispatcher for DefaultDaemonConnection: socket connection from /127.0.0.1:50786 to /127.0.0.1:50795" [_thread_blocked, id=6484, stack(0x00000000231a0000,0x00000000232a0000)]
  0x000000001e168800 JavaThread "Cancel handler" [_thread_blocked, id=4348, stack(0x00000000230a0000,0x00000000231a0000)]
  0x000000001e164800 JavaThread "Handler for socket connection from /127.0.0.1:50786 to /127.0.0.1:50795" [_thread_in_native, id=224, stack(0x0000000020730000,0x0000000020830000)]
  0x0000000019bd5000 JavaThread "File lock request listener" [_thread_in_native, id=6440, stack(0x000000001c680000,0x000000001c780000)]
  0x000000001964b000 JavaThread "Daemon worker" [_thread_in_Java, id=908, stack(0x000000001b1b0000,0x000000001b2b0000)]
  0x0000000019648800 JavaThread "pool-1-thread-1" [_thread_blocked, id=4068, stack(0x000000001b0b0000,0x000000001b1b0000)]
  0x00000000197b2800 JavaThread "Daemon" [_thread_blocked, id=4444, stack(0x000000001adb0000,0x000000001aeb0000)]
  0x00000000196ec000 JavaThread "Incoming local TCP Connector on port 50786" [_thread_in_native, id=6900, stack(0x000000001a150000,0x000000001a250000)]
  0x00000000183a8800 JavaThread "Service Thread" daemon [_thread_blocked, id=4132, stack(0x0000000018780000,0x0000000018880000)]
  0x0000000016a1f800 JavaThread "C1 CompilerThread2" daemon [_thread_blocked, id=8648, stack(0x0000000018280000,0x0000000018380000)]
=>0x0000000016a18000 JavaThread "C2 CompilerThread1" daemon [_thread_in_native, id=4532, stack(0x0000000018180000,0x0000000018280000)]
  0x0000000016a27800 JavaThread "C2 CompilerThread0" daemon [_thread_blocked, id=3124, stack(0x0000000018080000,0x0000000018180000)]
  0x0000000016a26000 JavaThread "Attach Listener" daemon [_thread_blocked, id=8968, stack(0x0000000017f80000,0x0000000018080000)]
  0x0000000016a24800 JavaThread "Signal Dispatcher" daemon [_thread_blocked, id=5512, stack(0x0000000017e80000,0x0000000017f80000)]
  0x000000000307b000 JavaThread "Finalizer" daemon [_thread_blocked, id=1220, stack(0x0000000017c80000,0x0000000017d80000)]
  0x0000000003070800 JavaThread "Reference Handler" daemon [_thread_blocked, id=5276, stack(0x0000000017b80000,0x0000000017c80000)]
  0x0000000002f80800 JavaThread "main" [_thread_blocked, id=7576, stack(0x0000000002e50000,0x0000000002f50000)]

Other Threads:
  0x00000000169e5800 VMThread [stack: 0x0000000017a80000,0x0000000017b80000] [id=4280]
  0x0000000016a7d800 WatcherThread [stack: 0x0000000018880000,0x0000000018980000] [id=6192]

VM state:not at safepoint (normal execution)

VM Mutex/Monitor currently owned by a thread: None

Heap:
 PSYoungGen      total 220672K, used 97309K [0x00000000e0000000, 0x00000000ef480000, 0x0000000100000000)
  eden space 203264K, 45% used [0x00000000e0000000,0x00000000e5ae3888,0x00000000ec680000)
  from space 17408K, 24% used [0x00000000eda80000,0x00000000edea3ec0,0x00000000eeb80000)
  to   space 20480K, 0% used [0x00000000ec680000,0x00000000ec680000,0x00000000eda80000)
 ParOldGen       total 69120K, used 37855K [0x00000000a0000000, 0x00000000a4380000, 0x00000000e0000000)
  object space 69120K, 54% used [0x00000000a0000000,0x00000000a24f7ef0,0x00000000a4380000)
 Metaspace       used 59354K, capacity 61760K, committed 62080K, reserved 1103872K
  class space    used 7931K, capacity 8467K, committed 8576K, reserved 1048576K

Card table byte_map: [0x0000000012450000,0x0000000012760000] byte_map_base: 0x0000000011f50000

Marking Bits: (ParMarkBitMap*) 0x000000005ea818f0
 Begin Bits: [0x0000000012d60000, 0x0000000014560000)
 End Bits:   [0x0000000014560000, 0x0000000015d60000)

Polling page: 0x0000000002f50000

CodeCache: size=245760Kb used=26319Kb max_used=26330Kb free=219440Kb
 bounds [0x0000000003090000, 0x0000000004a70000, 0x0000000012090000]
 total_blobs=8295 nmethods=7538 adapters=670
 compilation: enabled

Compilation events (10 events):
Event: 99.436 Thread 0x0000000016a1f800 8637   !   3       com.sun.org.apache.xerces.internal.jaxp.SAXParserFactoryImpl::newSAXParserImpl (37 bytes)
Event: 99.436 Thread 0x0000000016a1f800 nmethod 8637 0x0000000004a5c010 code [0x0000000004a5c1a0, 0x0000000004a5c5e8]
Event: 99.436 Thread 0x0000000016a1f800 8638       3       com.sun.org.apache.xerces.internal.jaxp.SAXParserImpl::<init> (8 bytes)
Event: 99.437 Thread 0x0000000016a1f800 nmethod 8638 0x0000000004a56e90 code [0x0000000004a57000, 0x0000000004a57188]
Event: 99.437 Thread 0x0000000016a27800 8639       4       com.sun.org.apache.xerces.internal.impl.XMLEntityManager::getFeatureDefault (36 bytes)
Event: 99.440 Thread 0x0000000016a27800 nmethod 8639 0x0000000004a5f690 code [0x0000000004a5f7e0, 0x0000000004a5fa58]
Event: 99.537 Thread 0x0000000016a27800 8640       4       com.sun.org.apache.xerces.internal.dom.ElementImpl::getDefaultAttributes (48 bytes)
Event: 99.547 Thread 0x0000000016a27800 nmethod 8640 0x0000000004a5d2d0 code [0x0000000004a5d480, 0x0000000004a5da48]
Event: 99.626 Thread 0x0000000016a27800 8641       4       com.sun.org.apache.xerces.internal.impl.dtd.XMLDTDValidator::getPropertyDefault (36 bytes)
Event: 99.630 Thread 0x0000000016a27800 nmethod 8641 0x0000000004a5ce10 code [0x0000000004a5cf60, 0x0000000004a5d1d8]

GC Heap History (10 events):
Event: 21.302 GC heap before
{Heap before GC invocations=13 (full 2):
 PSYoungGen      total 120320K, used 3692K [0x00000000e0000000, 0x00000000eac00000, 0x0000000100000000)
  eden space 109568K, 0% used [0x00000000e0000000,0x00000000e0000000,0x00000000e6b00000)
  from space 10752K, 34% used [0x00000000e6b00000,0x00000000e6e9b110,0x00000000e7580000)
  to   space 10240K, 0% used [0x00000000ea200000,0x00000000ea200000,0x00000000eac00000)
 ParOldGen       total 25088K, used 17072K [0x00000000a0000000, 0x00000000a1880000, 0x00000000e0000000)
  object space 25088K, 68% used [0x00000000a0000000,0x00000000a10ac100,0x00000000a1880000)
 Metaspace       used 34723K, capacity 35438K, committed 35496K, reserved 1079296K
  class space    used 4632K, capacity 4808K, committed 4864K, reserved 1048576K
Event: 21.489 GC heap after
Heap after GC invocations=13 (full 2):
 PSYoungGen      total 120320K, used 0K [0x00000000e0000000, 0x00000000eac00000, 0x0000000100000000)
  eden space 109568K, 0% used [0x00000000e0000000,0x00000000e0000000,0x00000000e6b00000)
  from space 10752K, 0% used [0x00000000e6b00000,0x00000000e6b00000,0x00000000e7580000)
  to   space 10240K, 0% used [0x00000000ea200000,0x00000000ea200000,0x00000000eac00000)
 ParOldGen       total 37888K, used 16253K [0x00000000a0000000, 0x00000000a2500000, 0x00000000e0000000)
  object space 37888K, 42% used [0x00000000a0000000,0x00000000a0fdf788,0x00000000a2500000)
 Metaspace       used 34697K, capacity 35350K, committed 35496K, reserved 1079296K
  class space    used 4624K, capacity 4800K, committed 4864K, reserved 1048576K
}
Event: 24.685 GC heap before
{Heap before GC invocations=14 (full 2):
 PSYoungGen      total 120320K, used 109568K [0x00000000e0000000, 0x00000000eac00000, 0x0000000100000000)
  eden space 109568K, 100% used [0x00000000e0000000,0x00000000e6b00000,0x00000000e6b00000)
  from space 10752K, 0% used [0x00000000e6b00000,0x00000000e6b00000,0x00000000e7580000)
  to   space 10240K, 0% used [0x00000000ea200000,0x00000000ea200000,0x00000000eac00000)
 ParOldGen       total 37888K, used 16253K [0x00000000a0000000, 0x00000000a2500000, 0x00000000e0000000)
  object space 37888K, 42% used [0x00000000a0000000,0x00000000a0fdf788,0x00000000a2500000)
 Metaspace       used 41270K, capacity 42090K, committed 42368K, reserved 1085440K
  class space    used 5487K, capacity 5689K, committed 5760K, reserved 1048576K
Event: 24.713 GC heap after
Heap after GC invocations=14 (full 2):
 PSYoungGen      total 162304K, used 10222K [0x00000000e0000000, 0x00000000eac80000, 0x0000000100000000)
  eden space 152064K, 0% used [0x00000000e0000000,0x00000000e0000000,0x00000000e9480000)
  from space 10240K, 99% used [0x00000000ea200000,0x00000000eabfbad8,0x00000000eac00000)
  to   space 12288K, 0% used [0x00000000e9480000,0x00000000e9480000,0x00000000ea080000)
 ParOldGen       total 37888K, used 17846K [0x00000000a0000000, 0x00000000a2500000, 0x00000000e0000000)
  object space 37888K, 47% used [0x00000000a0000000,0x00000000a116da90,0x00000000a2500000)
 Metaspace       used 41270K, capacity 42090K, committed 42368K, reserved 1085440K
  class space    used 5487K, capacity 5689K, committed 5760K, reserved 1048576K
}
Event: 34.283 GC heap before
{Heap before GC invocations=15 (full 2):
 PSYoungGen      total 162304K, used 162286K [0x00000000e0000000, 0x00000000eac80000, 0x0000000100000000)
  eden space 152064K, 100% used [0x00000000e0000000,0x00000000e9480000,0x00000000e9480000)
  from space 10240K, 99% used [0x00000000ea200000,0x00000000eabfbad8,0x00000000eac00000)
  to   space 12288K, 0% used [0x00000000e9480000,0x00000000e9480000,0x00000000ea080000)
 ParOldGen       total 37888K, used 17846K [0x00000000a0000000, 0x00000000a2500000, 0x00000000e0000000)
  object space 37888K, 47% used [0x00000000a0000000,0x00000000a116da90,0x00000000a2500000)
 Metaspace       used 51059K, capacity 52666K, committed 52864K, reserved 1095680K
  class space    used 6869K, capacity 7238K, committed 7296K, reserved 1048576K
Event: 34.336 GC heap after
Heap after GC invocations=15 (full 2):
 PSYoungGen      total 164352K, used 12263K [0x00000000e0000000, 0x00000000eeb80000, 0x0000000100000000)
  eden space 152064K, 0% used [0x00000000e0000000,0x00000000e0000000,0x00000000e9480000)
  from space 12288K, 99% used [0x00000000e9480000,0x00000000ea079c68,0x00000000ea080000)
  to   space 17408K, 0% used [0x00000000eda80000,0x00000000eda80000,0x00000000eeb80000)
 ParOldGen       total 37888K, used 26791K [0x00000000a0000000, 0x00000000a2500000, 0x00000000e0000000)
  object space 37888K, 70% used [0x00000000a0000000,0x00000000a1a29d78,0x00000000a2500000)
 Metaspace       used 51059K, capacity 52666K, committed 52864K, reserved 1095680K
  class space    used 6869K, capacity 7238K, committed 7296K, reserved 1048576K
}
Event: 53.833 GC heap before
{Heap before GC invocations=16 (full 2):
 PSYoungGen      total 164352K, used 164327K [0x00000000e0000000, 0x00000000eeb80000, 0x0000000100000000)
  eden space 152064K, 100% used [0x00000000e0000000,0x00000000e9480000,0x00000000e9480000)
  from space 12288K, 99% used [0x00000000e9480000,0x00000000ea079c68,0x00000000ea080000)
  to   space 17408K, 0% used [0x00000000eda80000,0x00000000eda80000,0x00000000eeb80000)
 ParOldGen       total 37888K, used 26791K [0x00000000a0000000, 0x00000000a2500000, 0x00000000e0000000)
  object space 37888K, 70% used [0x00000000a0000000,0x00000000a1a29d78,0x00000000a2500000)
 Metaspace       used 56109K, capacity 58358K, committed 58496K, reserved 1099776K
  class space    used 7574K, capacity 8046K, committed 8064K, reserved 1048576K
Event: 54.434 GC heap after
Heap after GC invocations=16 (full 2):
 PSYoungGen      total 220672K, used 16825K [0x00000000e0000000, 0x00000000ef480000, 0x0000000100000000)
  eden space 203264K, 0% used [0x00000000e0000000,0x00000000e0000000,0x00000000ec680000)
  from space 17408K, 96% used [0x00000000eda80000,0x00000000eeaee780,0x00000000eeb80000)
  to   space 20480K, 0% used [0x00000000ec680000,0x00000000ec680000,0x00000000eda80000)
 ParOldGen       total 37888K, used 35145K [0x00000000a0000000, 0x00000000a2500000, 0x00000000e0000000)
  object space 37888K, 92% used [0x00000000a0000000,0x00000000a22527d0,0x00000000a2500000)
 Metaspace       used 56109K, capacity 58358K, committed 58496K, reserved 1099776K
  class space    used 7574K, capacity 8046K, committed 8064K, reserved 1048576K
}
Event: 54.436 GC heap before
{Heap before GC invocations=17 (full 3):
 PSYoungGen      total 220672K, used 16825K [0x00000000e0000000, 0x00000000ef480000, 0x0000000100000000)
  eden space 203264K, 0% used [0x00000000e0000000,0x00000000e0000000,0x00000000ec680000)
  from space 17408K, 96% used [0x00000000eda80000,0x00000000eeaee780,0x00000000eeb80000)
  to   space 20480K, 0% used [0x00000000ec680000,0x00000000ec680000,0x00000000eda80000)
 ParOldGen       total 37888K, used 35145K [0x00000000a0000000, 0x00000000a2500000, 0x00000000e0000000)
  object space 37888K, 92% used [0x00000000a0000000,0x00000000a22527d0,0x00000000a2500000)
 Metaspace       used 56109K, capacity 58358K, committed 58496K, reserved 1099776K
  class space    used 7574K, capacity 8046K, committed 8064K, reserved 1048576K
Event: 56.979 GC heap after
Heap after GC invocations=17 (full 3):
 PSYoungGen      total 220672K, used 4239K [0x00000000e0000000, 0x00000000ef480000, 0x0000000100000000)
  eden space 203264K, 0% used [0x00000000e0000000,0x00000000e0000000,0x00000000ec680000)
  from space 17408K, 24% used [0x00000000eda80000,0x00000000edea3ec0,0x00000000eeb80000)
  to   space 20480K, 0% used [0x00000000ec680000,0x00000000ec680000,0x00000000eda80000)
 ParOldGen       total 69120K, used 37855K [0x00000000a0000000, 0x00000000a4380000, 0x00000000e0000000)
  object space 69120K, 54% used [0x00000000a0000000,0x00000000a24f7ef0,0x00000000a4380000)
 Metaspace       used 56109K, capacity 58358K, committed 58496K, reserved 1099776K
  class space    used 7574K, capacity 8046K, committed 8064K, reserved 1048576K
}

Deoptimization events (10 events):
Event: 78.576 Thread 0x000000001e16b800 Uncommon trap: reason=class_check action=maybe_recompile pc=0x00000000043580f4 method=com.google.common.collect.RegularImmutableAsList.get(I)Ljava/lang/Object; @ 5
Event: 78.607 Thread 0x000000001e16b800 Uncommon trap: reason=class_check action=maybe_recompile pc=0x00000000043580f4 method=com.google.common.collect.RegularImmutableAsList.get(I)Ljava/lang/Object; @ 5
Event: 83.870 Thread 0x000000001e16b800 Uncommon trap: reason=unstable_if action=reinterpret pc=0x00000000048cb248 method=java.io.BufferedOutputStream.write([BII)V @ 35
Event: 83.874 Thread 0x000000001e16b800 Uncommon trap: reason=unstable_if action=reinterpret pc=0x00000000048ca5ec method=java.io.BufferedOutputStream.write([BII)V @ 35
Event: 94.258 Thread 0x000000001964b000 Uncommon trap: reason=unstable_if action=reinterpret pc=0x000000000412f014 method=com.sun.org.apache.xerces.internal.impl.XMLEntityScanner.scanQName(Lcom/sun/org/apache/xerces/internal/xni/QName;)Z @ 261
Event: 95.343 Thread 0x000000001964b000 Uncommon trap: reason=unstable_if action=reinterpret pc=0x00000000033bb548 method=sun.nio.cs.UTF_8$Decoder.decode([BII[C)I @ 30
Event: 95.351 Thread 0x000000001964b000 Uncommon trap: reason=unstable_if action=reinterpret pc=0x0000000003f227d4 method=java.lang.StringCoding.safeTrim([CILjava/nio/charset/Charset;Z)[C @ 3
Event: 95.552 Thread 0x000000001964b000 Uncommon trap: reason=unstable_if action=reinterpret pc=0x0000000004978b2c method=com.android.utils.PositionXmlParser$DomBuilder.findOpeningTag(Lcom/android/utils/PositionXmlParser$Position;)Lcom/android/utils/PositionXmlParser$Position; @ 59
Event: 96.948 Thread 0x000000001964b000 Uncommon trap: reason=unstable_if action=reinterpret pc=0x00000000049cf228 method=com.sun.org.apache.xerces.internal.impl.XMLEntityScanner.scanQName(Lcom/sun/org/apache/xerces/internal/xni/QName;)Z @ 69
Event: 97.282 Thread 0x000000001964b000 Uncommon trap: reason=unstable_if action=reinterpret pc=0x00000000049e5554 method=sun.nio.cs.UTF_8$Decoder.decode([BII[C)I @ 90

Internal exceptions (10 events):
Event: 66.843 Thread 0x000000001964b000 Exception <a 'sun/nio/fs/WindowsException'> (0x00000000e180f5d0) thrown at [C:\src\android\AOSP-openjdk\external\jetbrains\jdk\hotspot\src\share\vm\prims\jni.cpp, line 709]
Event: 66.845 Thread 0x000000001964b000 Exception <a 'sun/nio/fs/WindowsException'> (0x00000000e1812370) thrown at [C:\src\android\AOSP-openjdk\external\jetbrains\jdk\hotspot\src\share\vm\prims\jni.cpp, line 709]
Event: 66.845 Thread 0x000000001964b000 Exception <a 'sun/nio/fs/WindowsException'> (0x00000000e1812fc8) thrown at [C:\src\android\AOSP-openjdk\external\jetbrains\jdk\hotspot\src\share\vm\prims\jni.cpp, line 709]
Event: 66.846 Thread 0x000000001964b000 Exception <a 'sun/nio/fs/WindowsException'> (0x00000000e1814c58) thrown at [C:\src\android\AOSP-openjdk\external\jetbrains\jdk\hotspot\src\share\vm\prims\jni.cpp, line 709]
Event: 66.846 Thread 0x000000001964b000 Exception <a 'sun/nio/fs/WindowsException'> (0x00000000e18158f0) thrown at [C:\src\android\AOSP-openjdk\external\jetbrains\jdk\hotspot\src\share\vm\prims\jni.cpp, line 709]
Event: 75.344 Thread 0x000000001964b000 Exception <a 'java/lang/NoSuchMethodError': <clinit>> (0x00000000e2a74ae0) thrown at [C:\src\android\AOSP-openjdk\external\jetbrains\jdk\hotspot\src\share\vm\prims\jni.cpp, line 1613]
Event: 75.348 Thread 0x000000001964b000 Exception <a 'java/lang/NoSuchMethodError': <clinit>> (0x00000000e2a82348) thrown at [C:\src\android\AOSP-openjdk\external\jetbrains\jdk\hotspot\src\share\vm\prims\jni.cpp, line 1613]
Event: 75.431 Thread 0x000000001964b000 Exception <a 'java/lang/NoSuchMethodError': <clinit>> (0x00000000e2af41c8) thrown at [C:\src\android\AOSP-openjdk\external\jetbrains\jdk\hotspot\src\share\vm\prims\jni.cpp, line 1613]
Event: 75.435 Thread 0x000000001964b000 Exception <a 'java/lang/NoSuchMethodError': <clinit>> (0x00000000e2b0cf20) thrown at [C:\src\android\AOSP-openjdk\external\jetbrains\jdk\hotspot\src\share\vm\prims\jni.cpp, line 1613]
Event: 75.436 Thread 0x000000001964b000 Exception <a 'java/lang/NoSuchMethodError': <clinit>> (0x00000000e2b0eba0) thrown at [C:\src\android\AOSP-openjdk\external\jetbrains\jdk\hotspot\src\share\vm\prims\jni.cpp, line 1613]

Events (10 events):
Event: 96.947 Thread 0x000000001964b000 Uncommon trap: trap_request=0xffffff65 fr.pc=0x00000000049cf228
Event: 96.948 Thread 0x000000001964b000 DEOPT PACKING pc=0x00000000049cf228 sp=0x000000001b2ab5a0
Event: 96.948 Thread 0x000000001964b000 DEOPT UNPACKING pc=0x00000000030d556a sp=0x000000001b2ab548 mode 2
Event: 96.948 Thread 0x000000001964b000 DEOPT PACKING pc=0x00000000049c79b0 sp=0x000000001b2ab590
Event: 96.948 Thread 0x000000001964b000 DEOPT UNPACKING pc=0x00000000030d71bf sp=0x000000001b2ab2f8 mode 0
Event: 97.282 Thread 0x000000001964b000 DEOPT PACKING pc=0x00000000049a59f0 sp=0x000000001b2ab690
Event: 97.282 Thread 0x000000001964b000 DEOPT UNPACKING pc=0x00000000030d71bf sp=0x000000001b2ab510 mode 0
Event: 97.282 Thread 0x000000001964b000 Uncommon trap: trap_request=0xffffff65 fr.pc=0x00000000049e5554
Event: 97.282 Thread 0x000000001964b000 DEOPT PACKING pc=0x00000000049e5554 sp=0x000000001b2ab810
Event: 97.282 Thread 0x000000001964b000 DEOPT UNPACKING pc=0x00000000030d556a sp=0x000000001b2ab790 mode 2


Dynamic libraries:
0x00007ff6e3440000 - 0x00007ff6e3471000 	C:\Program Files\Android\Android Studio\jre\bin\java.exe
0x00007fff47be0000 - 0x00007fff47db1000 	C:\Windows\SYSTEM32\ntdll.dll
0x00007fff47b30000 - 0x00007fff47bdc000 	C:\Windows\System32\KERNEL32.DLL
0x00007fff44630000 - 0x00007fff4484d000 	C:\Windows\System32\KERNELBASE.dll
0x00007fff47540000 - 0x00007fff475e2000 	C:\Windows\System32\ADVAPI32.dll
0x00007fff451e0000 - 0x00007fff4527e000 	C:\Windows\System32\msvcrt.dll
0x00007fff46af0000 - 0x00007fff46b49000 	C:\Windows\System32\sechost.dll
0x00007fff47140000 - 0x00007fff47261000 	C:\Windows\System32\RPCRT4.dll
0x00007fff46c60000 - 0x00007fff46dc5000 	C:\Windows\System32\USER32.dll
0x00007fff44610000 - 0x00007fff4462e000 	C:\Windows\System32\win32u.dll
0x00007fff45310000 - 0x00007fff45344000 	C:\Windows\System32\GDI32.dll
0x00007fff44850000 - 0x00007fff449d2000 	C:\Windows\System32\gdi32full.dll
0x00007fff29990000 - 0x00007fff29c0a000 	C:\Windows\WinSxS\amd64_microsoft.windows.common-controls_6595b64144ccf1df_6.0.14393.953_none_42151e83c686086b\COMCTL32.dll
0x00007fff47270000 - 0x00007fff47538000 	C:\Windows\System32\combase.dll
0x00007fff44510000 - 0x00007fff44605000 	C:\Windows\System32\ucrtbase.dll
0x00007fff440d0000 - 0x00007fff4413a000 	C:\Windows\System32\bcryptPrimitives.dll
0x00007fff45280000 - 0x00007fff452ae000 	C:\Windows\System32\IMM32.DLL
0x000000005e1e0000 - 0x000000005e2b2000 	C:\Program Files\Android\Android Studio\jre\jre\bin\msvcr100.dll
0x000000005e2c0000 - 0x000000005eafc000 	C:\Program Files\Android\Android Studio\jre\jre\bin\server\jvm.dll
0x00007fff47b20000 - 0x00007fff47b28000 	C:\Windows\System32\PSAPI.DLL
0x00007fff42570000 - 0x00007fff42593000 	C:\Windows\SYSTEM32\WINMM.dll
0x00007fff39cb0000 - 0x00007fff39cba000 	C:\Windows\SYSTEM32\VERSION.dll
0x00007fff19e00000 - 0x00007fff19e09000 	C:\Windows\SYSTEM32\WSOCK32.dll
0x00007fff46b50000 - 0x00007fff46bba000 	C:\Windows\System32\WS2_32.dll
0x00007fff42510000 - 0x00007fff4253b000 	C:\Windows\SYSTEM32\WINMMBASE.dll
0x00007fff444c0000 - 0x00007fff44502000 	C:\Windows\System32\cfgmgr32.dll
0x00007fff3f9c0000 - 0x00007fff3f9cf000 	C:\Program Files\Android\Android Studio\jre\jre\bin\verify.dll
0x00007fff37210000 - 0x00007fff37239000 	C:\Program Files\Android\Android Studio\jre\jre\bin\java.dll
0x00007fff36ef0000 - 0x00007fff36f06000 	C:\Program Files\Android\Android Studio\jre\jre\bin\zip.dll
0x00007fff45350000 - 0x00007fff46858000 	C:\Windows\System32\SHELL32.dll
0x00007fff44a90000 - 0x00007fff4516a000 	C:\Windows\System32\windows.storage.dll
0x00007fff44060000 - 0x00007fff440ac000 	C:\Windows\System32\powrprof.dll
0x00007fff45170000 - 0x00007fff451c2000 	C:\Windows\System32\shlwapi.dll
0x00007fff440b0000 - 0x00007fff440bf000 	C:\Windows\System32\kernel.appcore.dll
0x00007fff449e0000 - 0x00007fff44a89000 	C:\Windows\System32\shcore.dll
0x00007fff44040000 - 0x00007fff44054000 	C:\Windows\System32\profapi.dll
0x00007fff36ed0000 - 0x00007fff36eea000 	C:\Program Files\Android\Android Studio\jre\jre\bin\net.dll
0x00007fff43970000 - 0x00007fff439cc000 	C:\Windows\system32\mswsock.dll
0x00007fff36eb0000 - 0x00007fff36ec1000 	C:\Program Files\Android\Android Studio\jre\jre\bin\nio.dll
0x00007fff3f9d0000 - 0x00007fff3f9ee000 	C:\Users\Jorge\.gradle\native\23\windows-amd64\native-platform.dll
0x00007fff43b10000 - 0x00007fff43b27000 	C:\Windows\SYSTEM32\CRYPTSP.dll
0x00007fff43570000 - 0x00007fff435a3000 	C:\Windows\system32\rsaenh.dll
0x00007fff43c20000 - 0x00007fff43c4b000 	C:\Windows\SYSTEM32\bcrypt.dll
0x00007fff437f0000 - 0x00007fff4380f000 	C:\Windows\SYSTEM32\USERENV.dll
0x00007fff43b30000 - 0x00007fff43b3b000 	C:\Windows\SYSTEM32\CRYPTBASE.dll
0x00007fff436f0000 - 0x00007fff43728000 	C:\Windows\SYSTEM32\IPHLPAPI.DLL
0x00007fff451d0000 - 0x00007fff451d8000 	C:\Windows\System32\NSI.dll
0x00007fff3dc70000 - 0x00007fff3dc86000 	C:\Windows\SYSTEM32\dhcpcsvc6.DLL
0x00007fff3e2a0000 - 0x00007fff3e2ba000 	C:\Windows\SYSTEM32\dhcpcsvc.DLL
0x00007fff38010000 - 0x00007fff3801d000 	C:\Program Files\Android\Android Studio\jre\jre\bin\management.dll

VM Arguments:
jvm_args: -Xmx1536m -Dfile.encoding=windows-1252 -Duser.country=US -Duser.language=en -Duser.variant 
java_command: org.gradle.launcher.daemon.bootstrap.GradleDaemon 3.3
java_class_path (initial): C:\Users\Jorge\.gradle\wrapper\dists\gradle-3.3-all\55gk2rcmfc6p2dg9u9ohc3hw9\gradle-3.3\lib\gradle-launcher-3.3.jar
Launcher Type: SUN_STANDARD

Environment Variables:
PATH=C:\Program Files\Microsoft MPI\Bin\;C:\ProgramData\Oracle\Java\javapath;C:\Windows\system32;C:\Windows;C:\Windows\System32\Wbem;C:\Windows\System32\WindowsPowerShell\v1.0\;C:\Program Files\MySQL\MySQL Utilities 1.6\;C:\Program Files (x86)\Microsoft SQL Server\130\Tools\Binn\;C:\Program Files\Microsoft SQL Server\130\Tools\Binn\;C:\Program Files (x86)\Microsoft SQL Server\130\DTS\Binn\;C:\Program Files\Microsoft SQL Server\130\DTS\Binn\;C:\Program Files\Microsoft SQL Server\Client SDK\ODBC\130\Tools\Binn\;C:\Program Files\MATLAB\R2016a\runtime\win64;C:\Program Files\MATLAB\R2016a\bin;C:\Program Files\MATLAB\R2016a\polyspace\bin;C:\Program Files (x86)\Microsoft SQL Server\Client SDK\ODBC\130\Tools\Binn\;C:\Program Files (x86)\Microsoft SQL Server\130\Tools\Binn\ManagementStudio\;C:\Users\Jorge\AppData\Local\Android\sdk\platform-tools\;C:\Users\Jorge\AppData\Local\GitHub\PortableGit_f02737a78695063deace08e96d5042710d3e32db\mingw32\bin\;C:\Users\Jorge\AppData\Local\Microsoft\WindowsApps;
USERNAME=Jorge
OS=Windows_NT
PROCESSOR_IDENTIFIER=Intel64 Family 6 Model 37 Stepping 2, GenuineIntel



---------------  S Y S T E M  ---------------

OS: Windows 10.0 , 64 bit Build 14393 (10.0.14393.1198)

CPU:total 4 (2 cores per cpu, 2 threads per core) family 6 model 37 stepping 2, cmov, cx8, fxsr, mmx, sse, sse2, sse3, ssse3, sse4.1, sse4.2, popcnt, aes, clmul, ht, tsc, tscinvbit

Memory: 4k page, physical 2414408k(341560k free), swap 6818112k(157816k free)

vm_info: OpenJDK 64-Bit Server VM (25.112-b06) for windows-amd64 JRE (1.8.0_112-release-b06), built on Dec  8 2016 00:54:26 by "builder" with MS VC++ 10.0 (VS2010)

time: Mon Jun 26 22:48:39 2017
elapsed time: 99 seconds (0d 0h 1m 39s)

